<?xml version="1.0" encoding="UTF-8"?>
<coverage generated="1527104630634" clover="3.2.0">
  <project timestamp="1527104630634" name="All files">
    <metrics statements="90" coveredstatements="78" conditionals="14" coveredconditionals="12" methods="47" coveredmethods="33" elements="151" coveredelements="123" complexity="0" loc="90" ncloc="90" packages="16" files="27" classes="27">
      <package name="App">
        <metrics statements="1" coveredstatements="1" conditionals="0" coveredconditionals="0" methods="1" coveredmethods="1"/>
        <file name="App.js" path="/home/michael/Documents/apps/notepad-fullstack/client/src/App/App.js">
          <metrics statements="1" coveredstatements="1" conditionals="0" coveredconditionals="0" methods="1" coveredmethods="1"/>
          <line num="10" count="7" type="stmt"/>
        </file>
      </package>
      <package name="components.BannerCarousel">
        <metrics statements="2" coveredstatements="0" conditionals="0" coveredconditionals="0" methods="2" coveredmethods="0"/>
        <file name="BannerCarousel.js" path="/home/michael/Documents/apps/notepad-fullstack/client/src/components/BannerCarousel/BannerCarousel.js">
          <metrics statements="2" coveredstatements="0" conditionals="0" coveredconditionals="0" methods="2" coveredmethods="0"/>
          <line num="10" count="0" type="stmt"/>
          <line num="14" count="0" type="stmt"/>
        </file>
        <file name="index.js" path="/home/michael/Documents/apps/notepad-fullstack/client/src/components/BannerCarousel/index.js">
          <metrics statements="0" coveredstatements="0" conditionals="0" coveredconditionals="0" methods="0" coveredmethods="0"/>
        </file>
      </package>
      <package name="components.Navigation">
        <metrics statements="5" coveredstatements="5" conditionals="2" coveredconditionals="2" methods="4" coveredmethods="3"/>
        <file name="Navigation.js" path="/home/michael/Documents/apps/notepad-fullstack/client/src/components/Navigation/Navigation.js">
          <metrics statements="5" coveredstatements="5" conditionals="2" coveredconditionals="2" methods="4" coveredmethods="3"/>
          <line num="9" count="5" type="stmt"/>
          <line num="10" count="5" type="stmt"/>
          <line num="14" count="12" type="cond" truecount="2" falsecount="0"/>
          <line num="36" count="12" type="stmt"/>
          <line num="53" count="2" type="stmt"/>
        </file>
        <file name="index.js" path="/home/michael/Documents/apps/notepad-fullstack/client/src/components/Navigation/index.js">
          <metrics statements="0" coveredstatements="0" conditionals="0" coveredconditionals="0" methods="0" coveredmethods="0"/>
        </file>
      </package>
      <package name="pages">
        <metrics statements="0" coveredstatements="0" conditionals="0" coveredconditionals="0" methods="0" coveredmethods="0"/>
        <file name="index.js" path="/home/michael/Documents/apps/notepad-fullstack/client/src/pages/index.js">
          <metrics statements="0" coveredstatements="0" conditionals="0" coveredconditionals="0" methods="0" coveredmethods="0"/>
        </file>
      </package>
      <package name="pages.Dashboard">
        <metrics statements="1" coveredstatements="0" conditionals="0" coveredconditionals="0" methods="1" coveredmethods="0"/>
        <file name="Dashboard.js" path="/home/michael/Documents/apps/notepad-fullstack/client/src/pages/Dashboard/Dashboard.js">
          <metrics statements="1" coveredstatements="0" conditionals="0" coveredconditionals="0" methods="1" coveredmethods="0"/>
          <line num="5" count="0" type="stmt"/>
        </file>
        <file name="index.js" path="/home/michael/Documents/apps/notepad-fullstack/client/src/pages/Dashboard/index.js">
          <metrics statements="0" coveredstatements="0" conditionals="0" coveredconditionals="0" methods="0" coveredmethods="0"/>
        </file>
      </package>
      <package name="pages.Home">
        <metrics statements="2" coveredstatements="2" conditionals="0" coveredconditionals="0" methods="3" coveredmethods="3"/>
        <file name="Home.js" path="/home/michael/Documents/apps/notepad-fullstack/client/src/pages/Home/Home.js">
          <metrics statements="2" coveredstatements="2" conditionals="0" coveredconditionals="0" methods="3" coveredmethods="3"/>
          <line num="7" count="3" type="stmt"/>
          <line num="13" count="3" type="stmt"/>
        </file>
        <file name="index.js" path="/home/michael/Documents/apps/notepad-fullstack/client/src/pages/Home/index.js">
          <metrics statements="0" coveredstatements="0" conditionals="0" coveredconditionals="0" methods="0" coveredmethods="0"/>
        </file>
      </package>
      <package name="pages.Signin">
        <metrics statements="11" coveredstatements="11" conditionals="6" coveredconditionals="6" methods="5" coveredmethods="4"/>
        <file name="Signin.js" path="/home/michael/Documents/apps/notepad-fullstack/client/src/pages/Signin/Signin.js">
          <metrics statements="11" coveredstatements="11" conditionals="6" coveredconditionals="6" methods="5" coveredmethods="4"/>
          <line num="26" count="2" type="stmt"/>
          <line num="27" count="2" type="stmt"/>
          <line num="31" count="3" type="stmt"/>
          <line num="32" count="3" type="stmt"/>
          <line num="34" count="3" type="cond" truecount="4" falsecount="0"/>
          <line num="35" count="2" type="stmt"/>
          <line num="37" count="1" type="stmt"/>
          <line num="41" count="19" type="stmt"/>
          <line num="49" count="19" type="stmt"/>
          <line num="51" count="19" type="stmt"/>
          <line num="101" count="2" type="stmt"/>
        </file>
        <file name="index.js" path="/home/michael/Documents/apps/notepad-fullstack/client/src/pages/Signin/index.js">
          <metrics statements="0" coveredstatements="0" conditionals="0" coveredconditionals="0" methods="0" coveredmethods="0"/>
        </file>
      </package>
      <package name="pages.Signout">
        <metrics statements="2" coveredstatements="0" conditionals="0" coveredconditionals="0" methods="2" coveredmethods="0"/>
        <file name="Signout.js" path="/home/michael/Documents/apps/notepad-fullstack/client/src/pages/Signout/Signout.js">
          <metrics statements="2" coveredstatements="0" conditionals="0" coveredconditionals="0" methods="2" coveredmethods="0"/>
          <line num="7" count="0" type="stmt"/>
          <line num="11" count="0" type="stmt"/>
        </file>
        <file name="index.js" path="/home/michael/Documents/apps/notepad-fullstack/client/src/pages/Signout/index.js">
          <metrics statements="0" coveredstatements="0" conditionals="0" coveredconditionals="0" methods="0" coveredmethods="0"/>
        </file>
      </package>
      <package name="pages.Signup">
        <metrics statements="3" coveredstatements="3" conditionals="0" coveredconditionals="0" methods="3" coveredmethods="2"/>
        <file name="Signup.js" path="/home/michael/Documents/apps/notepad-fullstack/client/src/pages/Signup/Signup.js">
          <metrics statements="3" coveredstatements="3" conditionals="0" coveredconditionals="0" methods="3" coveredmethods="2"/>
          <line num="5" count="4" type="stmt"/>
          <line num="7" count="4" type="stmt"/>
          <line num="13" count="4" type="stmt"/>
        </file>
        <file name="index.js" path="/home/michael/Documents/apps/notepad-fullstack/client/src/pages/Signup/index.js">
          <metrics statements="0" coveredstatements="0" conditionals="0" coveredconditionals="0" methods="0" coveredmethods="0"/>
        </file>
      </package>
      <package name="testUtils">
        <metrics statements="21" coveredstatements="17" conditionals="0" coveredconditionals="0" methods="4" coveredmethods="1"/>
        <file name="polyfills.js" path="/home/michael/Documents/apps/notepad-fullstack/client/src/testUtils/polyfills.js">
          <metrics statements="2" coveredstatements="1" conditionals="0" coveredconditionals="0" methods="1" coveredmethods="0"/>
          <line num="1" count="7" type="stmt"/>
          <line num="2" count="0" type="stmt"/>
        </file>
        <file name="setupTests.js" path="/home/michael/Documents/apps/notepad-fullstack/client/src/testUtils/setupTests.js">
          <metrics statements="19" coveredstatements="16" conditionals="0" coveredconditionals="0" methods="3" coveredmethods="1"/>
          <line num="19" count="7" type="stmt"/>
          <line num="21" count="7" type="stmt"/>
          <line num="23" count="7" type="stmt"/>
          <line num="25" count="7" type="stmt"/>
          <line num="26" count="7" type="stmt"/>
          <line num="28" count="7" type="stmt"/>
          <line num="31" count="0" type="stmt"/>
          <line num="32" count="0" type="stmt"/>
          <line num="36" count="0" type="stmt"/>
          <line num="39" count="7" type="stmt"/>
          <line num="40" count="41" type="stmt"/>
          <line num="43" count="7" type="stmt"/>
          <line num="44" count="7" type="stmt"/>
          <line num="45" count="7" type="stmt"/>
          <line num="46" count="7" type="stmt"/>
          <line num="47" count="7" type="stmt"/>
          <line num="48" count="7" type="stmt"/>
          <line num="49" count="7" type="stmt"/>
          <line num="50" count="7" type="stmt"/>
        </file>
      </package>
      <package name="testUtils.data">
        <metrics statements="1" coveredstatements="1" conditionals="0" coveredconditionals="0" methods="0" coveredmethods="0"/>
        <file name="users.js" path="/home/michael/Documents/apps/notepad-fullstack/client/src/testUtils/data/users.js">
          <metrics statements="1" coveredstatements="1" conditionals="0" coveredconditionals="0" methods="0" coveredmethods="0"/>
          <line num="1" count="2" type="stmt"/>
        </file>
      </package>
      <package name="testUtils.helpers">
        <metrics statements="7" coveredstatements="5" conditionals="2" coveredconditionals="0" methods="5" coveredmethods="3"/>
        <file name="localStorageMock.js" path="/home/michael/Documents/apps/notepad-fullstack/client/src/testUtils/helpers/localStorageMock.js">
          <metrics statements="7" coveredstatements="5" conditionals="2" coveredconditionals="0" methods="5" coveredmethods="3"/>
          <line num="2" count="7" type="stmt"/>
          <line num="3" count="7" type="stmt"/>
          <line num="4" count="7" type="stmt"/>
          <line num="6" count="0" type="cond" truecount="0" falsecount="2"/>
          <line num="9" count="2" type="stmt"/>
          <line num="12" count="2" type="stmt"/>
          <line num="15" count="0" type="stmt"/>
        </file>
      </package>
      <package name="testUtils.stubs">
        <metrics statements="2" coveredstatements="2" conditionals="0" coveredconditionals="0" methods="0" coveredmethods="0"/>
        <file name="ScssStub.js" path="/home/michael/Documents/apps/notepad-fullstack/client/src/testUtils/stubs/ScssStub.js">
          <metrics statements="1" coveredstatements="1" conditionals="0" coveredconditionals="0" methods="0" coveredmethods="0"/>
          <line num="1" count="4" type="stmt"/>
        </file>
        <file name="fileStub.js" path="/home/michael/Documents/apps/notepad-fullstack/client/src/testUtils/stubs/fileStub.js">
          <metrics statements="1" coveredstatements="1" conditionals="0" coveredconditionals="0" methods="0" coveredmethods="0"/>
          <line num="1" count="2" type="stmt"/>
        </file>
      </package>
      <package name="utils.actions">
        <metrics statements="22" coveredstatements="21" conditionals="0" coveredconditionals="0" methods="13" coveredmethods="12"/>
        <file name="authActions.js" path="/home/michael/Documents/apps/notepad-fullstack/client/src/utils/actions/authActions.js">
          <metrics statements="18" coveredstatements="17" conditionals="0" coveredconditionals="0" methods="13" coveredmethods="12"/>
          <line num="4" count="4" type="stmt"/>
          <line num="5" count="1" type="stmt"/>
          <line num="6" count="1" type="stmt"/>
          <line num="7" count="1" type="stmt"/>
          <line num="15" count="4" type="stmt"/>
          <line num="17" count="2" type="stmt"/>
          <line num="18" count="2" type="stmt"/>
          <line num="22" count="2" type="stmt"/>
          <line num="24" count="2" type="stmt"/>
          <line num="29" count="0" type="stmt"/>
          <line num="32" count="4" type="stmt"/>
          <line num="34" count="1" type="stmt"/>
          <line num="35" count="1" type="stmt"/>
          <line num="39" count="1" type="stmt"/>
          <line num="47" count="2" type="stmt"/>
          <line num="48" count="2" type="stmt"/>
          <line num="54" count="2" type="stmt"/>
          <line num="58" count="2" type="stmt"/>
        </file>
        <file name="types.js" path="/home/michael/Documents/apps/notepad-fullstack/client/src/utils/actions/types.js">
          <metrics statements="4" coveredstatements="4" conditionals="0" coveredconditionals="0" methods="0" coveredmethods="0"/>
          <line num="1" count="7" type="stmt"/>
          <line num="2" count="7" type="stmt"/>
          <line num="3" count="7" type="stmt"/>
          <line num="4" count="7" type="stmt"/>
        </file>
      </package>
      <package name="utils.api">
        <metrics statements="4" coveredstatements="4" conditionals="0" coveredconditionals="0" methods="3" coveredmethods="3"/>
        <file name="authApi.js" path="/home/michael/Documents/apps/notepad-fullstack/client/src/utils/api/authApi.js">
          <metrics statements="4" coveredstatements="4" conditionals="0" coveredconditionals="0" methods="3" coveredmethods="3"/>
          <line num="1" count="4" type="stmt"/>
          <line num="4" count="1" type="stmt"/>
          <line num="8" count="2" type="stmt"/>
          <line num="12" count="1" type="stmt"/>
        </file>
      </package>
      <package name="utils.reducers">
        <metrics statements="6" coveredstatements="6" conditionals="4" coveredconditionals="4" methods="1" coveredmethods="1"/>
        <file name="authReducer.js" path="/home/michael/Documents/apps/notepad-fullstack/client/src/utils/reducers/authReducer.js">
          <metrics statements="5" coveredstatements="5" conditionals="4" coveredconditionals="4" methods="1" coveredmethods="1"/>
          <line num="3" count="7" type="stmt"/>
          <line num="9" count="24" type="cond" truecount="3" falsecount="0"/>
          <line num="11" count="1" type="stmt"/>
          <line num="13" count="1" type="stmt"/>
          <line num="15" count="22" type="stmt"/>
        </file>
        <file name="index.js" path="/home/michael/Documents/apps/notepad-fullstack/client/src/utils/reducers/index.js">
          <metrics statements="1" coveredstatements="1" conditionals="0" coveredconditionals="0" methods="0" coveredmethods="0"/>
          <line num="4" count="7" type="stmt"/>
        </file>
      </package>
    </metrics>
  </project>
</coverage>
