{"/home/michael/Documents/apps/notepad-fullstack/client/src/App/App.js": {"path":"/home/michael/Documents/apps/notepad-fullstack/client/src/App/App.js","statementMap":{"0":{"start":{"line":10,"column":4},"end":{"line":25,"column":6}}},"fnMap":{"0":{"name":"(anonymous_0)","decl":{"start":{"line":9,"column":2},"end":{"line":9,"column":3}},"loc":{"start":{"line":9,"column":11},"end":{"line":26,"column":3}},"line":9}},"branchMap":{},"s":{"0":7},"f":{"0":7},"b":{},"_coverageSchema":"332fd63041d2c1bcb487cc26dd0d5f7d97098a6c","hash":"c0e361e23136a51b6741d2508c1fe0a0dfdf595f"}
,"/home/michael/Documents/apps/notepad-fullstack/client/src/components/BannerCarousel/BannerCarousel.js": {"path":"/home/michael/Documents/apps/notepad-fullstack/client/src/components/BannerCarousel/BannerCarousel.js","statementMap":{"0":{"start":{"line":10,"column":4},"end":{"line":10,"column":12}},"1":{"start":{"line":14,"column":4},"end":{"line":14,"column":69}}},"fnMap":{"0":{"name":"(anonymous_0)","decl":{"start":{"line":9,"column":2},"end":{"line":9,"column":3}},"loc":{"start":{"line":9,"column":16},"end":{"line":11,"column":3}},"line":9},"1":{"name":"(anonymous_1)","decl":{"start":{"line":13,"column":2},"end":{"line":13,"column":3}},"loc":{"start":{"line":13,"column":11},"end":{"line":15,"column":3}},"line":13}},"branchMap":{},"s":{"0":0,"1":0},"f":{"0":0,"1":0},"b":{},"_coverageSchema":"332fd63041d2c1bcb487cc26dd0d5f7d97098a6c","hash":"ec9ce46248c53927dba98825a45972c5e754e35a"}
,"/home/michael/Documents/apps/notepad-fullstack/client/src/components/BannerCarousel/index.js": {"path":"/home/michael/Documents/apps/notepad-fullstack/client/src/components/BannerCarousel/index.js","statementMap":{},"fnMap":{},"branchMap":{},"s":{},"f":{},"b":{},"_coverageSchema":"332fd63041d2c1bcb487cc26dd0d5f7d97098a6c","hash":"3b61da525567cce15d8a300c81855e411a80c7ca"}
,"/home/michael/Documents/apps/notepad-fullstack/client/src/components/Navigation/Navigation.js": {"path":"/home/michael/Documents/apps/notepad-fullstack/client/src/components/Navigation/Navigation.js","statementMap":{"0":{"start":{"line":9,"column":15},"end":{"line":9,"column":29}},"1":{"start":{"line":10,"column":4},"end":{"line":10,"column":34}},"2":{"start":{"line":14,"column":4},"end":{"line":32,"column":6}},"3":{"start":{"line":36,"column":4},"end":{"line":49,"column":6}},"4":{"start":{"line":53,"column":24},"end":{"line":55,"column":2}},"5":{"start":{"line":53,"column":34},"end":{"line":55,"column":1}}},"fnMap":{"0":{"name":"(anonymous_0)","decl":{"start":{"line":8,"column":17},"end":{"line":8,"column":18}},"loc":{"start":{"line":8,"column":30},"end":{"line":11,"column":3}},"line":8},"1":{"name":"(anonymous_1)","decl":{"start":{"line":13,"column":14},"end":{"line":13,"column":15}},"loc":{"start":{"line":13,"column":20},"end":{"line":33,"column":3}},"line":13},"2":{"name":"(anonymous_2)","decl":{"start":{"line":35,"column":2},"end":{"line":35,"column":3}},"loc":{"start":{"line":35,"column":11},"end":{"line":50,"column":3}},"line":35},"3":{"name":"(anonymous_3)","decl":{"start":{"line":53,"column":24},"end":{"line":53,"column":25}},"loc":{"start":{"line":53,"column":34},"end":{"line":55,"column":1}},"line":53}},"branchMap":{"0":{"loc":{"start":{"line":14,"column":11},"end":{"line":32,"column":5}},"type":"cond-expr","locations":[{"start":{"line":15,"column":6},"end":{"line":22,"column":12}},{"start":{"line":24,"column":6},"end":{"line":31,"column":12}}],"line":14}},"s":{"0":5,"1":5,"2":12,"3":12,"4":2,"5":0},"f":{"0":5,"1":12,"2":12,"3":0},"b":{"0":[3,9]},"_coverageSchema":"332fd63041d2c1bcb487cc26dd0d5f7d97098a6c","hash":"5c71fc166b8249a6a8d224ee5ada7418ab8e557c"}
,"/home/michael/Documents/apps/notepad-fullstack/client/src/components/Navigation/index.js": {"path":"/home/michael/Documents/apps/notepad-fullstack/client/src/components/Navigation/index.js","statementMap":{},"fnMap":{},"branchMap":{},"s":{},"f":{},"b":{},"_coverageSchema":"332fd63041d2c1bcb487cc26dd0d5f7d97098a6c","hash":"1d2627d97fa6230252a4619e7c6631dc40be9689"}
,"/home/michael/Documents/apps/notepad-fullstack/client/src/pages/index.js": {"path":"/home/michael/Documents/apps/notepad-fullstack/client/src/pages/index.js","statementMap":{},"fnMap":{},"branchMap":{},"s":{},"f":{},"b":{},"_coverageSchema":"332fd63041d2c1bcb487cc26dd0d5f7d97098a6c","hash":"f32fad39f6107325b34881e5442be367a215cca8"}
,"/home/michael/Documents/apps/notepad-fullstack/client/src/pages/Dashboard/Dashboard.js": {"path":"/home/michael/Documents/apps/notepad-fullstack/client/src/pages/Dashboard/Dashboard.js","statementMap":{"0":{"start":{"line":5,"column":4},"end":{"line":9,"column":6}}},"fnMap":{"0":{"name":"(anonymous_0)","decl":{"start":{"line":4,"column":2},"end":{"line":4,"column":3}},"loc":{"start":{"line":4,"column":11},"end":{"line":10,"column":3}},"line":4}},"branchMap":{},"s":{"0":0},"f":{"0":0},"b":{},"_coverageSchema":"332fd63041d2c1bcb487cc26dd0d5f7d97098a6c","hash":"928a536ef1f24a26bb3e417a5476f839069da5eb"}
,"/home/michael/Documents/apps/notepad-fullstack/client/src/pages/Dashboard/index.js": {"path":"/home/michael/Documents/apps/notepad-fullstack/client/src/pages/Dashboard/index.js","statementMap":{},"fnMap":{},"branchMap":{},"s":{},"f":{},"b":{},"_coverageSchema":"332fd63041d2c1bcb487cc26dd0d5f7d97098a6c","hash":"a0fcab8625615193b089abbc9926af96073ba826"}
,"/home/michael/Documents/apps/notepad-fullstack/client/src/pages/Home/Home.js": {"path":"/home/michael/Documents/apps/notepad-fullstack/client/src/pages/Home/Home.js","statementMap":{"0":{"start":{"line":7,"column":4},"end":{"line":7,"column":12}},"1":{"start":{"line":13,"column":4},"end":{"line":34,"column":6}}},"fnMap":{"0":{"name":"(anonymous_0)","decl":{"start":{"line":6,"column":2},"end":{"line":6,"column":3}},"loc":{"start":{"line":6,"column":16},"end":{"line":8,"column":3}},"line":6},"1":{"name":"(anonymous_1)","decl":{"start":{"line":10,"column":2},"end":{"line":10,"column":3}},"loc":{"start":{"line":10,"column":22},"end":{"line":10,"column":24}},"line":10},"2":{"name":"(anonymous_2)","decl":{"start":{"line":12,"column":2},"end":{"line":12,"column":3}},"loc":{"start":{"line":12,"column":11},"end":{"line":35,"column":3}},"line":12}},"branchMap":{},"s":{"0":3,"1":3},"f":{"0":3,"1":3,"2":3},"b":{},"_coverageSchema":"332fd63041d2c1bcb487cc26dd0d5f7d97098a6c","hash":"17b04b7b70f2defea835325d6db7119c0ef72f7c"}
,"/home/michael/Documents/apps/notepad-fullstack/client/src/pages/Home/index.js": {"path":"/home/michael/Documents/apps/notepad-fullstack/client/src/pages/Home/index.js","statementMap":{},"fnMap":{},"branchMap":{},"s":{},"f":{},"b":{},"_coverageSchema":"332fd63041d2c1bcb487cc26dd0d5f7d97098a6c","hash":"d3d2be2f73fc21d89798e4f07bbcafa842ac3b6a"}
,"/home/michael/Documents/apps/notepad-fullstack/client/src/pages/Signin/Signin.js": {"path":"/home/michael/Documents/apps/notepad-fullstack/client/src/pages/Signin/Signin.js","statementMap":{"0":{"start":{"line":26,"column":26},"end":{"line":26,"column":35}},"1":{"start":{"line":27,"column":4},"end":{"line":27,"column":37}},"2":{"start":{"line":31,"column":4},"end":{"line":31,"column":24}},"3":{"start":{"line":32,"column":32},"end":{"line":32,"column":42}},"4":{"start":{"line":34,"column":4},"end":{"line":35,"column":73}},"5":{"start":{"line":35,"column":6},"end":{"line":35,"column":73}},"6":{"start":{"line":37,"column":4},"end":{"line":37,"column":53}},"7":{"start":{"line":41,"column":4},"end":{"line":45,"column":6}},"8":{"start":{"line":49,"column":32},"end":{"line":49,"column":42}},"9":{"start":{"line":51,"column":4},"end":{"line":97,"column":6}},"10":{"start":{"line":101,"column":24},"end":{"line":103,"column":2}},"11":{"start":{"line":101,"column":34},"end":{"line":103,"column":1}}},"fnMap":{"0":{"name":"(anonymous_0)","decl":{"start":{"line":25,"column":17},"end":{"line":25,"column":18}},"loc":{"start":{"line":25,"column":23},"end":{"line":28,"column":3}},"line":25},"1":{"name":"(anonymous_1)","decl":{"start":{"line":30,"column":17},"end":{"line":30,"column":18}},"loc":{"start":{"line":30,"column":29},"end":{"line":38,"column":3}},"line":30},"2":{"name":"(anonymous_2)","decl":{"start":{"line":40,"column":16},"end":{"line":40,"column":17}},"loc":{"start":{"line":40,"column":22},"end":{"line":46,"column":3}},"line":40},"3":{"name":"(anonymous_3)","decl":{"start":{"line":48,"column":2},"end":{"line":48,"column":3}},"loc":{"start":{"line":48,"column":11},"end":{"line":98,"column":3}},"line":48},"4":{"name":"(anonymous_4)","decl":{"start":{"line":101,"column":24},"end":{"line":101,"column":25}},"loc":{"start":{"line":101,"column":34},"end":{"line":103,"column":1}},"line":101}},"branchMap":{"0":{"loc":{"start":{"line":34,"column":4},"end":{"line":35,"column":73}},"type":"if","locations":[{"start":{"line":34,"column":4},"end":{"line":35,"column":73}},{"start":{"line":34,"column":4},"end":{"line":35,"column":73}}],"line":34},"1":{"loc":{"start":{"line":34,"column":8},"end":{"line":34,"column":27}},"type":"binary-expr","locations":[{"start":{"line":34,"column":8},"end":{"line":34,"column":14}},{"start":{"line":34,"column":18},"end":{"line":34,"column":27}}],"line":34},"2":{"loc":{"start":{"line":42,"column":6},"end":{"line":44,"column":7}},"type":"binary-expr","locations":[{"start":{"line":42,"column":6},"end":{"line":42,"column":22}},{"start":{"line":43,"column":8},"end":{"line":43,"column":80}}],"line":42}},"s":{"0":2,"1":2,"2":3,"3":3,"4":3,"5":2,"6":1,"7":19,"8":19,"9":19,"10":2,"11":0},"f":{"0":2,"1":3,"2":19,"3":19,"4":0},"b":{"0":[2,1],"1":[3,2],"2":[19,2]},"_coverageSchema":"332fd63041d2c1bcb487cc26dd0d5f7d97098a6c","hash":"2840cd5efbc81ff6274706c0760576e72b7b2a50"}
,"/home/michael/Documents/apps/notepad-fullstack/client/src/pages/Signin/index.js": {"path":"/home/michael/Documents/apps/notepad-fullstack/client/src/pages/Signin/index.js","statementMap":{},"fnMap":{},"branchMap":{},"s":{},"f":{},"b":{},"_coverageSchema":"332fd63041d2c1bcb487cc26dd0d5f7d97098a6c","hash":"200ba8a7b162d32d2ab426b3cce63aa88a31ef7d"}
,"/home/michael/Documents/apps/notepad-fullstack/client/src/pages/Signout/Signout.js": {"path":"/home/michael/Documents/apps/notepad-fullstack/client/src/pages/Signout/Signout.js","statementMap":{"0":{"start":{"line":7,"column":4},"end":{"line":7,"column":29}},"1":{"start":{"line":11,"column":4},"end":{"line":15,"column":6}}},"fnMap":{"0":{"name":"(anonymous_0)","decl":{"start":{"line":5,"column":2},"end":{"line":5,"column":3}},"loc":{"start":{"line":5,"column":23},"end":{"line":8,"column":3}},"line":5},"1":{"name":"(anonymous_1)","decl":{"start":{"line":10,"column":2},"end":{"line":10,"column":3}},"loc":{"start":{"line":10,"column":11},"end":{"line":16,"column":3}},"line":10}},"branchMap":{},"s":{"0":0,"1":0},"f":{"0":0,"1":0},"b":{},"_coverageSchema":"332fd63041d2c1bcb487cc26dd0d5f7d97098a6c","hash":"842aaec6ec0476ebf89c3678a074943b451a0cde"}
,"/home/michael/Documents/apps/notepad-fullstack/client/src/pages/Signout/index.js": {"path":"/home/michael/Documents/apps/notepad-fullstack/client/src/pages/Signout/index.js","statementMap":{},"fnMap":{},"branchMap":{},"s":{},"f":{},"b":{},"_coverageSchema":"332fd63041d2c1bcb487cc26dd0d5f7d97098a6c","hash":"0842153ec56e6117ad9cdd122a6b7592ff4ce451"}
,"/home/michael/Documents/apps/notepad-fullstack/client/src/pages/Signup/Signup.js": {"path":"/home/michael/Documents/apps/notepad-fullstack/client/src/pages/Signup/Signup.js","statementMap":{"0":{"start":{"line":5,"column":4},"end":{"line":5,"column":12}},"1":{"start":{"line":7,"column":4},"end":{"line":7,"column":53}},"2":{"start":{"line":13,"column":4},"end":{"line":17,"column":6}}},"fnMap":{"0":{"name":"(anonymous_0)","decl":{"start":{"line":4,"column":2},"end":{"line":4,"column":3}},"loc":{"start":{"line":4,"column":16},"end":{"line":8,"column":3}},"line":4},"1":{"name":"(anonymous_1)","decl":{"start":{"line":10,"column":2},"end":{"line":10,"column":3}},"loc":{"start":{"line":10,"column":19},"end":{"line":10,"column":21}},"line":10},"2":{"name":"(anonymous_2)","decl":{"start":{"line":12,"column":2},"end":{"line":12,"column":3}},"loc":{"start":{"line":12,"column":11},"end":{"line":18,"column":3}},"line":12}},"branchMap":{},"s":{"0":4,"1":4,"2":4},"f":{"0":4,"1":0,"2":4},"b":{},"_coverageSchema":"332fd63041d2c1bcb487cc26dd0d5f7d97098a6c","hash":"95dec321f87422a401fcc7a0a6d4a2c31645ac6a"}
,"/home/michael/Documents/apps/notepad-fullstack/client/src/pages/Signup/index.js": {"path":"/home/michael/Documents/apps/notepad-fullstack/client/src/pages/Signup/index.js","statementMap":{},"fnMap":{},"branchMap":{},"s":{},"f":{},"b":{},"_coverageSchema":"332fd63041d2c1bcb487cc26dd0d5f7d97098a6c","hash":"8e916cee1d017d0ffe493a41c08df33d2e4bc669"}
,"/home/michael/Documents/apps/notepad-fullstack/client/src/testUtils/polyfills.js": {"path":"/home/michael/Documents/apps/notepad-fullstack/client/src/testUtils/polyfills.js","statementMap":{"0":{"start":{"line":1,"column":31},"end":{"line":2,"column":19}},"1":{"start":{"line":2,"column":2},"end":{"line":2,"column":19}}},"fnMap":{"0":{"name":"(anonymous_0)","decl":{"start":{"line":1,"column":62},"end":{"line":1,"column":63}},"loc":{"start":{"line":2,"column":2},"end":{"line":2,"column":19}},"line":2}},"branchMap":{},"s":{"0":7,"1":0},"f":{"0":0},"b":{},"_coverageSchema":"332fd63041d2c1bcb487cc26dd0d5f7d97098a6c","hash":"753be0c4f40408dde68d39dccef89900fe11e481"}
,"/home/michael/Documents/apps/notepad-fullstack/client/src/testUtils/setupTests.js": {"path":"/home/michael/Documents/apps/notepad-fullstack/client/src/testUtils/setupTests.js","statementMap":{"0":{"start":{"line":19,"column":0},"end":{"line":19,"column":23}},"1":{"start":{"line":21,"column":18},"end":{"line":21,"column":40}},"2":{"start":{"line":23,"column":14},"end":{"line":23,"column":38}},"3":{"start":{"line":25,"column":20},"end":{"line":25,"column":27}},"4":{"start":{"line":26,"column":18},"end":{"line":26,"column":45}},"5":{"start":{"line":28,"column":0},"end":{"line":28,"column":38}},"6":{"start":{"line":31,"column":18},"end":{"line":31,"column":65}},"7":{"start":{"line":32,"column":2},"end":{"line":32,"column":17}},"8":{"start":{"line":36,"column":2},"end":{"line":36,"column":63}},"9":{"start":{"line":39,"column":0},"end":{"line":41,"column":3}},"10":{"start":{"line":40,"column":2},"end":{"line":40,"column":20}},"11":{"start":{"line":43,"column":0},"end":{"line":43,"column":21}},"12":{"start":{"line":44,"column":0},"end":{"line":44,"column":21}},"13":{"start":{"line":45,"column":0},"end":{"line":45,"column":21}},"14":{"start":{"line":46,"column":0},"end":{"line":46,"column":25}},"15":{"start":{"line":47,"column":0},"end":{"line":47,"column":29}},"16":{"start":{"line":48,"column":0},"end":{"line":48,"column":29}},"17":{"start":{"line":49,"column":0},"end":{"line":49,"column":55}},"18":{"start":{"line":50,"column":0},"end":{"line":50,"column":53}}},"fnMap":{"0":{"name":"mountWithRouterContext","decl":{"start":{"line":30,"column":9},"end":{"line":30,"column":31}},"loc":{"start":{"line":30,"column":43},"end":{"line":33,"column":1}},"line":30},"1":{"name":"mountWithReduxContext","decl":{"start":{"line":35,"column":9},"end":{"line":35,"column":30}},"loc":{"start":{"line":35,"column":42},"end":{"line":37,"column":1}},"line":35},"2":{"name":"(anonymous_2)","decl":{"start":{"line":39,"column":10},"end":{"line":39,"column":11}},"loc":{"start":{"line":39,"column":16},"end":{"line":41,"column":1}},"line":39}},"branchMap":{},"s":{"0":7,"1":7,"2":7,"3":7,"4":7,"5":7,"6":0,"7":0,"8":0,"9":7,"10":41,"11":7,"12":7,"13":7,"14":7,"15":7,"16":7,"17":7,"18":7},"f":{"0":0,"1":0,"2":41},"b":{},"_coverageSchema":"332fd63041d2c1bcb487cc26dd0d5f7d97098a6c","hash":"e240c90c8386222fd44cf00332903e9778ce54b5"}
,"/home/michael/Documents/apps/notepad-fullstack/client/src/testUtils/data/users.js": {"path":"/home/michael/Documents/apps/notepad-fullstack/client/src/testUtils/data/users.js","statementMap":{"0":{"start":{"line":1,"column":20},"end":{"line":6,"column":1}}},"fnMap":{},"branchMap":{},"s":{"0":2},"f":{},"b":{},"_coverageSchema":"332fd63041d2c1bcb487cc26dd0d5f7d97098a6c","hash":"4eee5048419256776db8872cb1dc2024011201e2"}
,"/home/michael/Documents/apps/notepad-fullstack/client/src/testUtils/helpers/localStorageMock.js": {"path":"/home/michael/Documents/apps/notepad-fullstack/client/src/testUtils/helpers/localStorageMock.js","statementMap":{"0":{"start":{"line":2,"column":25},"end":{"line":18,"column":4}},"1":{"start":{"line":3,"column":14},"end":{"line":3,"column":16}},"2":{"start":{"line":4,"column":2},"end":{"line":17,"column":4}},"3":{"start":{"line":6,"column":6},"end":{"line":6,"column":32}},"4":{"start":{"line":9,"column":6},"end":{"line":9,"column":36}},"5":{"start":{"line":12,"column":6},"end":{"line":12,"column":24}},"6":{"start":{"line":15,"column":6},"end":{"line":15,"column":17}}},"fnMap":{"0":{"name":"(anonymous_0)","decl":{"start":{"line":2,"column":26},"end":{"line":2,"column":27}},"loc":{"start":{"line":2,"column":37},"end":{"line":18,"column":1}},"line":2},"1":{"name":"(anonymous_1)","decl":{"start":{"line":5,"column":13},"end":{"line":5,"column":14}},"loc":{"start":{"line":5,"column":20},"end":{"line":7,"column":5}},"line":5},"2":{"name":"(anonymous_2)","decl":{"start":{"line":8,"column":13},"end":{"line":8,"column":14}},"loc":{"start":{"line":8,"column":29},"end":{"line":10,"column":5}},"line":8},"3":{"name":"(anonymous_3)","decl":{"start":{"line":11,"column":16},"end":{"line":11,"column":17}},"loc":{"start":{"line":11,"column":23},"end":{"line":13,"column":5}},"line":11},"4":{"name":"(anonymous_4)","decl":{"start":{"line":14,"column":11},"end":{"line":14,"column":12}},"loc":{"start":{"line":14,"column":17},"end":{"line":16,"column":5}},"line":14}},"branchMap":{"0":{"loc":{"start":{"line":6,"column":13},"end":{"line":6,"column":31}},"type":"binary-expr","locations":[{"start":{"line":6,"column":13},"end":{"line":6,"column":23}},{"start":{"line":6,"column":27},"end":{"line":6,"column":31}}],"line":6}},"s":{"0":7,"1":7,"2":7,"3":0,"4":2,"5":2,"6":0},"f":{"0":7,"1":0,"2":2,"3":2,"4":0},"b":{"0":[0,0]},"_coverageSchema":"332fd63041d2c1bcb487cc26dd0d5f7d97098a6c","hash":"ca99ef74209b2fe8e58988f63c296501e1330e12"}
,"/home/michael/Documents/apps/notepad-fullstack/client/src/testUtils/stubs/ScssStub.js": {"path":"/home/michael/Documents/apps/notepad-fullstack/client/src/testUtils/stubs/ScssStub.js","statementMap":{"0":{"start":{"line":1,"column":0},"end":{"line":1,"column":20}}},"fnMap":{},"branchMap":{},"s":{"0":4},"f":{},"b":{},"_coverageSchema":"332fd63041d2c1bcb487cc26dd0d5f7d97098a6c","hash":"4cefa36c2608b3531ffd349e38b89efd985fd7a4"}
,"/home/michael/Documents/apps/notepad-fullstack/client/src/testUtils/stubs/fileStub.js": {"path":"/home/michael/Documents/apps/notepad-fullstack/client/src/testUtils/stubs/fileStub.js","statementMap":{"0":{"start":{"line":1,"column":0},"end":{"line":1,"column":20}}},"fnMap":{},"branchMap":{},"s":{"0":2},"f":{},"b":{},"_coverageSchema":"332fd63041d2c1bcb487cc26dd0d5f7d97098a6c","hash":"99d4606fc471c1347f7b526617a87227cb62c9c5"}
,"/home/michael/Documents/apps/notepad-fullstack/client/src/utils/actions/authActions.js": {"path":"/home/michael/Documents/apps/notepad-fullstack/client/src/utils/actions/authActions.js","statementMap":{"0":{"start":{"line":4,"column":25},"end":{"line":12,"column":1}},"1":{"start":{"line":5,"column":2},"end":{"line":11,"column":7}},"2":{"start":{"line":6,"column":4},"end":{"line":11,"column":6}},"3":{"start":{"line":7,"column":6},"end":{"line":10,"column":9}},"4":{"start":{"line":15,"column":26},"end":{"line":30,"column":1}},"5":{"start":{"line":17,"column":2},"end":{"line":29,"column":25}},"6":{"start":{"line":18,"column":4},"end":{"line":29,"column":24}},"7":{"start":{"line":22,"column":8},"end":{"line":22,"column":34}},"8":{"start":{"line":24,"column":8},"end":{"line":27,"column":11}},"9":{"start":{"line":29,"column":20},"end":{"line":29,"column":23}},"10":{"start":{"line":32,"column":26},"end":{"line":44,"column":1}},"11":{"start":{"line":34,"column":2},"end":{"line":43,"column":7}},"12":{"start":{"line":35,"column":4},"end":{"line":43,"column":6}},"13":{"start":{"line":39,"column":6},"end":{"line":42,"column":9}},"14":{"start":{"line":47,"column":2},"end":{"line":47,"column":15}},"15":{"start":{"line":48,"column":2},"end":{"line":50,"column":4}},"16":{"start":{"line":54,"column":2},"end":{"line":54,"column":43}},"17":{"start":{"line":58,"column":2},"end":{"line":58,"column":39}}},"fnMap":{"0":{"name":"(anonymous_0)","decl":{"start":{"line":4,"column":25},"end":{"line":4,"column":26}},"loc":{"start":{"line":4,"column":34},"end":{"line":12,"column":1}},"line":4},"1":{"name":"(anonymous_1)","decl":{"start":{"line":5,"column":9},"end":{"line":5,"column":10}},"loc":{"start":{"line":6,"column":4},"end":{"line":11,"column":6}},"line":6},"2":{"name":"(anonymous_2)","decl":{"start":{"line":6,"column":30},"end":{"line":6,"column":31}},"loc":{"start":{"line":6,"column":37},"end":{"line":11,"column":5}},"line":6},"3":{"name":"(anonymous_3)","decl":{"start":{"line":15,"column":26},"end":{"line":15,"column":27}},"loc":{"start":{"line":15,"column":51},"end":{"line":30,"column":1}},"line":15},"4":{"name":"(anonymous_4)","decl":{"start":{"line":17,"column":9},"end":{"line":17,"column":10}},"loc":{"start":{"line":18,"column":4},"end":{"line":29,"column":24}},"line":18},"5":{"name":"(anonymous_5)","decl":{"start":{"line":20,"column":12},"end":{"line":20,"column":13}},"loc":{"start":{"line":20,"column":19},"end":{"line":28,"column":7}},"line":20},"6":{"name":"(anonymous_6)","decl":{"start":{"line":29,"column":13},"end":{"line":29,"column":14}},"loc":{"start":{"line":29,"column":20},"end":{"line":29,"column":23}},"line":29},"7":{"name":"(anonymous_7)","decl":{"start":{"line":32,"column":26},"end":{"line":32,"column":27}},"loc":{"start":{"line":32,"column":72},"end":{"line":44,"column":1}},"line":32},"8":{"name":"(anonymous_8)","decl":{"start":{"line":34,"column":9},"end":{"line":34,"column":10}},"loc":{"start":{"line":35,"column":4},"end":{"line":43,"column":6}},"line":35},"9":{"name":"(anonymous_9)","decl":{"start":{"line":35,"column":62},"end":{"line":35,"column":63}},"loc":{"start":{"line":35,"column":69},"end":{"line":43,"column":5}},"line":35},"10":{"name":"signoutUser","decl":{"start":{"line":46,"column":16},"end":{"line":46,"column":27}},"loc":{"start":{"line":46,"column":30},"end":{"line":51,"column":1}},"line":46},"11":{"name":"saveToken","decl":{"start":{"line":53,"column":9},"end":{"line":53,"column":18}},"loc":{"start":{"line":53,"column":26},"end":{"line":55,"column":1}},"line":53},"12":{"name":"clearToken","decl":{"start":{"line":57,"column":9},"end":{"line":57,"column":19}},"loc":{"start":{"line":57,"column":22},"end":{"line":59,"column":1}},"line":57}},"branchMap":{},"s":{"0":4,"1":1,"2":1,"3":1,"4":4,"5":2,"6":2,"7":2,"8":2,"9":0,"10":4,"11":1,"12":1,"13":1,"14":2,"15":2,"16":2,"17":2},"f":{"0":1,"1":1,"2":1,"3":2,"4":2,"5":2,"6":0,"7":1,"8":1,"9":1,"10":2,"11":2,"12":2},"b":{},"_coverageSchema":"332fd63041d2c1bcb487cc26dd0d5f7d97098a6c","hash":"b6ea6c1388a615820a061ba585b63304d02f5d70"}
,"/home/michael/Documents/apps/notepad-fullstack/client/src/utils/actions/types.js": {"path":"/home/michael/Documents/apps/notepad-fullstack/client/src/utils/actions/types.js","statementMap":{"0":{"start":{"line":1,"column":25},"end":{"line":1,"column":36}},"1":{"start":{"line":2,"column":27},"end":{"line":2,"column":40}},"2":{"start":{"line":3,"column":27},"end":{"line":3,"column":40}},"3":{"start":{"line":4,"column":27},"end":{"line":4,"column":40}}},"fnMap":{},"branchMap":{},"s":{"0":7,"1":7,"2":7,"3":7},"f":{},"b":{},"_coverageSchema":"332fd63041d2c1bcb487cc26dd0d5f7d97098a6c","hash":"8595a203546ab41adc266fa597dedde103de5432"}
,"/home/michael/Documents/apps/notepad-fullstack/client/src/utils/api/authApi.js": {"path":"/home/michael/Documents/apps/notepad-fullstack/client/src/utils/api/authApi.js","statementMap":{"0":{"start":{"line":1,"column":14},"end":{"line":1,"column":30}},"1":{"start":{"line":4,"column":2},"end":{"line":4,"column":73}},"2":{"start":{"line":8,"column":2},"end":{"line":8,"column":63}},"3":{"start":{"line":12,"column":2},"end":{"line":17,"column":5}}},"fnMap":{"0":{"name":"authToken","decl":{"start":{"line":3,"column":16},"end":{"line":3,"column":25}},"loc":{"start":{"line":3,"column":33},"end":{"line":5,"column":1}},"line":3},"1":{"name":"signin","decl":{"start":{"line":7,"column":16},"end":{"line":7,"column":22}},"loc":{"start":{"line":7,"column":44},"end":{"line":9,"column":1}},"line":7},"2":{"name":"signup","decl":{"start":{"line":11,"column":16},"end":{"line":11,"column":22}},"loc":{"start":{"line":11,"column":65},"end":{"line":18,"column":1}},"line":11}},"branchMap":{},"s":{"0":4,"1":1,"2":2,"3":1},"f":{"0":1,"1":2,"2":1},"b":{},"_coverageSchema":"332fd63041d2c1bcb487cc26dd0d5f7d97098a6c","hash":"223eef53e81eb939b2e993521ec8b406b3e86b78"}
,"/home/michael/Documents/apps/notepad-fullstack/client/src/utils/reducers/authReducer.js": {"path":"/home/michael/Documents/apps/notepad-fullstack/client/src/utils/reducers/authReducer.js","statementMap":{"0":{"start":{"line":3,"column":25},"end":{"line":6,"column":1}},"1":{"start":{"line":9,"column":2},"end":{"line":16,"column":3}},"2":{"start":{"line":11,"column":6},"end":{"line":11,"column":69}},"3":{"start":{"line":13,"column":6},"end":{"line":13,"column":58}},"4":{"start":{"line":15,"column":6},"end":{"line":15,"column":26}}},"fnMap":{"0":{"name":"(anonymous_0)","decl":{"start":{"line":8,"column":15},"end":{"line":8,"column":16}},"loc":{"start":{"line":8,"column":46},"end":{"line":17,"column":1}},"line":8}},"branchMap":{"0":{"loc":{"start":{"line":8,"column":16},"end":{"line":8,"column":33}},"type":"default-arg","locations":[{"start":{"line":8,"column":24},"end":{"line":8,"column":33}}],"line":8},"1":{"loc":{"start":{"line":9,"column":2},"end":{"line":16,"column":3}},"type":"switch","locations":[{"start":{"line":10,"column":4},"end":{"line":11,"column":69}},{"start":{"line":12,"column":4},"end":{"line":13,"column":58}},{"start":{"line":14,"column":4},"end":{"line":15,"column":26}}],"line":9}},"s":{"0":7,"1":24,"2":1,"3":1,"4":22},"f":{"0":24},"b":{"0":[21],"1":[1,1,22]},"_coverageSchema":"332fd63041d2c1bcb487cc26dd0d5f7d97098a6c","hash":"6cf84a3a5f4b2c080f483bd39d37de53f16628df"}
,"/home/michael/Documents/apps/notepad-fullstack/client/src/utils/reducers/index.js": {"path":"/home/michael/Documents/apps/notepad-fullstack/client/src/utils/reducers/index.js","statementMap":{"0":{"start":{"line":4,"column":20},"end":{"line":6,"column":2}}},"fnMap":{},"branchMap":{},"s":{"0":7},"f":{},"b":{},"_coverageSchema":"332fd63041d2c1bcb487cc26dd0d5f7d97098a6c","hash":"5c271720ba3a8d221b6b5cf550d527dbbee545d7"}
}
