TN:
SF:/home/michael/Documents/apps/notepad-fullstack/client/src/App/App.js
FN:9,(anonymous_0)
FNF:1
FNH:1
FNDA:7,(anonymous_0)
DA:10,7
LF:1
LH:1
BRF:0
BRH:0
end_of_record
TN:
SF:/home/michael/Documents/apps/notepad-fullstack/client/src/components/BannerCarousel/BannerCarousel.js
FN:9,(anonymous_0)
FN:13,(anonymous_1)
FNF:2
FNH:0
FNDA:0,(anonymous_0)
FNDA:0,(anonymous_1)
DA:10,0
DA:14,0
LF:2
LH:0
BRF:0
BRH:0
end_of_record
TN:
SF:/home/michael/Documents/apps/notepad-fullstack/client/src/components/BannerCarousel/index.js
FNF:0
FNH:0
LF:0
LH:0
BRF:0
BRH:0
end_of_record
TN:
SF:/home/michael/Documents/apps/notepad-fullstack/client/src/components/Navigation/Navigation.js
FN:8,(anonymous_0)
FN:13,(anonymous_1)
FN:35,(anonymous_2)
FN:53,(anonymous_3)
FNF:4
FNH:3
FNDA:5,(anonymous_0)
FNDA:12,(anonymous_1)
FNDA:12,(anonymous_2)
FNDA:0,(anonymous_3)
DA:9,5
DA:10,5
DA:14,12
DA:36,12
DA:53,2
LF:5
LH:5
BRDA:14,0,0,3
BRDA:14,0,1,9
BRF:2
BRH:2
end_of_record
TN:
SF:/home/michael/Documents/apps/notepad-fullstack/client/src/components/Navigation/index.js
FNF:0
FNH:0
LF:0
LH:0
BRF:0
BRH:0
end_of_record
TN:
SF:/home/michael/Documents/apps/notepad-fullstack/client/src/pages/index.js
FNF:0
FNH:0
LF:0
LH:0
BRF:0
BRH:0
end_of_record
TN:
SF:/home/michael/Documents/apps/notepad-fullstack/client/src/pages/Dashboard/Dashboard.js
FN:4,(anonymous_0)
FNF:1
FNH:0
FNDA:0,(anonymous_0)
DA:5,0
LF:1
LH:0
BRF:0
BRH:0
end_of_record
TN:
SF:/home/michael/Documents/apps/notepad-fullstack/client/src/pages/Dashboard/index.js
FNF:0
FNH:0
LF:0
LH:0
BRF:0
BRH:0
end_of_record
TN:
SF:/home/michael/Documents/apps/notepad-fullstack/client/src/pages/Home/Home.js
FN:6,(anonymous_0)
FN:10,(anonymous_1)
FN:12,(anonymous_2)
FNF:3
FNH:3
FNDA:3,(anonymous_0)
FNDA:3,(anonymous_1)
FNDA:3,(anonymous_2)
DA:7,3
DA:13,3
LF:2
LH:2
BRF:0
BRH:0
end_of_record
TN:
SF:/home/michael/Documents/apps/notepad-fullstack/client/src/pages/Home/index.js
FNF:0
FNH:0
LF:0
LH:0
BRF:0
BRH:0
end_of_record
TN:
SF:/home/michael/Documents/apps/notepad-fullstack/client/src/pages/Signin/Signin.js
FN:25,(anonymous_0)
FN:30,(anonymous_1)
FN:40,(anonymous_2)
FN:48,(anonymous_3)
FN:101,(anonymous_4)
FNF:5
FNH:4
FNDA:2,(anonymous_0)
FNDA:3,(anonymous_1)
FNDA:19,(anonymous_2)
FNDA:19,(anonymous_3)
FNDA:0,(anonymous_4)
DA:26,2
DA:27,2
DA:31,3
DA:32,3
DA:34,3
DA:35,2
DA:37,1
DA:41,19
DA:49,19
DA:51,19
DA:101,2
LF:11
LH:11
BRDA:34,0,0,2
BRDA:34,0,1,1
BRDA:34,1,0,3
BRDA:34,1,1,2
BRDA:42,2,0,19
BRDA:42,2,1,2
BRF:6
BRH:6
end_of_record
TN:
SF:/home/michael/Documents/apps/notepad-fullstack/client/src/pages/Signin/index.js
FNF:0
FNH:0
LF:0
LH:0
BRF:0
BRH:0
end_of_record
TN:
SF:/home/michael/Documents/apps/notepad-fullstack/client/src/pages/Signout/Signout.js
FN:5,(anonymous_0)
FN:10,(anonymous_1)
FNF:2
FNH:0
FNDA:0,(anonymous_0)
FNDA:0,(anonymous_1)
DA:7,0
DA:11,0
LF:2
LH:0
BRF:0
BRH:0
end_of_record
TN:
SF:/home/michael/Documents/apps/notepad-fullstack/client/src/pages/Signout/index.js
FNF:0
FNH:0
LF:0
LH:0
BRF:0
BRH:0
end_of_record
TN:
SF:/home/michael/Documents/apps/notepad-fullstack/client/src/pages/Signup/Signup.js
FN:4,(anonymous_0)
FN:10,(anonymous_1)
FN:12,(anonymous_2)
FNF:3
FNH:2
FNDA:4,(anonymous_0)
FNDA:0,(anonymous_1)
FNDA:4,(anonymous_2)
DA:5,4
DA:7,4
DA:13,4
LF:3
LH:3
BRF:0
BRH:0
end_of_record
TN:
SF:/home/michael/Documents/apps/notepad-fullstack/client/src/pages/Signup/index.js
FNF:0
FNH:0
LF:0
LH:0
BRF:0
BRH:0
end_of_record
TN:
SF:/home/michael/Documents/apps/notepad-fullstack/client/src/testUtils/polyfills.js
FN:1,(anonymous_0)
FNF:1
FNH:0
FNDA:0,(anonymous_0)
DA:1,7
DA:2,0
LF:2
LH:1
BRF:0
BRH:0
end_of_record
TN:
SF:/home/michael/Documents/apps/notepad-fullstack/client/src/testUtils/setupTests.js
FN:30,mountWithRouterContext
FN:35,mountWithReduxContext
FN:39,(anonymous_2)
FNF:3
FNH:1
FNDA:0,mountWithRouterContext
FNDA:0,mountWithReduxContext
FNDA:41,(anonymous_2)
DA:19,7
DA:21,7
DA:23,7
DA:25,7
DA:26,7
DA:28,7
DA:31,0
DA:32,0
DA:36,0
DA:39,7
DA:40,41
DA:43,7
DA:44,7
DA:45,7
DA:46,7
DA:47,7
DA:48,7
DA:49,7
DA:50,7
LF:19
LH:16
BRF:0
BRH:0
end_of_record
TN:
SF:/home/michael/Documents/apps/notepad-fullstack/client/src/testUtils/data/users.js
FNF:0
FNH:0
DA:1,2
LF:1
LH:1
BRF:0
BRH:0
end_of_record
TN:
SF:/home/michael/Documents/apps/notepad-fullstack/client/src/testUtils/helpers/localStorageMock.js
FN:2,(anonymous_0)
FN:5,(anonymous_1)
FN:8,(anonymous_2)
FN:11,(anonymous_3)
FN:14,(anonymous_4)
FNF:5
FNH:3
FNDA:7,(anonymous_0)
FNDA:0,(anonymous_1)
FNDA:2,(anonymous_2)
FNDA:2,(anonymous_3)
FNDA:0,(anonymous_4)
DA:2,7
DA:3,7
DA:4,7
DA:6,0
DA:9,2
DA:12,2
DA:15,0
LF:7
LH:5
BRDA:6,0,0,0
BRDA:6,0,1,0
BRF:2
BRH:0
end_of_record
TN:
SF:/home/michael/Documents/apps/notepad-fullstack/client/src/testUtils/stubs/ScssStub.js
FNF:0
FNH:0
DA:1,4
LF:1
LH:1
BRF:0
BRH:0
end_of_record
TN:
SF:/home/michael/Documents/apps/notepad-fullstack/client/src/testUtils/stubs/fileStub.js
FNF:0
FNH:0
DA:1,2
LF:1
LH:1
BRF:0
BRH:0
end_of_record
TN:
SF:/home/michael/Documents/apps/notepad-fullstack/client/src/utils/actions/authActions.js
FN:4,(anonymous_0)
FN:5,(anonymous_1)
FN:6,(anonymous_2)
FN:15,(anonymous_3)
FN:17,(anonymous_4)
FN:20,(anonymous_5)
FN:29,(anonymous_6)
FN:32,(anonymous_7)
FN:34,(anonymous_8)
FN:35,(anonymous_9)
FN:46,signoutUser
FN:53,saveToken
FN:57,clearToken
FNF:13
FNH:12
FNDA:1,(anonymous_0)
FNDA:1,(anonymous_1)
FNDA:1,(anonymous_2)
FNDA:2,(anonymous_3)
FNDA:2,(anonymous_4)
FNDA:2,(anonymous_5)
FNDA:0,(anonymous_6)
FNDA:1,(anonymous_7)
FNDA:1,(anonymous_8)
FNDA:1,(anonymous_9)
FNDA:2,signoutUser
FNDA:2,saveToken
FNDA:2,clearToken
DA:4,4
DA:5,1
DA:6,1
DA:7,1
DA:15,4
DA:17,2
DA:18,2
DA:22,2
DA:24,2
DA:29,0
DA:32,4
DA:34,1
DA:35,1
DA:39,1
DA:47,2
DA:48,2
DA:54,2
DA:58,2
LF:18
LH:17
BRF:0
BRH:0
end_of_record
TN:
SF:/home/michael/Documents/apps/notepad-fullstack/client/src/utils/actions/types.js
FNF:0
FNH:0
DA:1,7
DA:2,7
DA:3,7
DA:4,7
LF:4
LH:4
BRF:0
BRH:0
end_of_record
TN:
SF:/home/michael/Documents/apps/notepad-fullstack/client/src/utils/api/authApi.js
FN:3,authToken
FN:7,signin
FN:11,signup
FNF:3
FNH:3
FNDA:1,authToken
FNDA:2,signin
FNDA:1,signup
DA:1,4
DA:4,1
DA:8,2
DA:12,1
LF:4
LH:4
BRF:0
BRH:0
end_of_record
TN:
SF:/home/michael/Documents/apps/notepad-fullstack/client/src/utils/reducers/authReducer.js
FN:8,(anonymous_0)
FNF:1
FNH:1
FNDA:24,(anonymous_0)
DA:3,7
DA:9,24
DA:11,1
DA:13,1
DA:15,22
LF:5
LH:5
BRDA:8,0,0,21
BRDA:9,1,0,1
BRDA:9,1,1,1
BRDA:9,1,2,22
BRF:4
BRH:4
end_of_record
TN:
SF:/home/michael/Documents/apps/notepad-fullstack/client/src/utils/reducers/index.js
FNF:0
FNH:0
DA:4,7
LF:1
LH:1
BRF:0
BRH:0
end_of_record
